2022-06-23 10:50:03,928 [Worker-3: Loading available Gradle versions] INFO  o.e.b.c.i.u.g.PublishedGradleVersions - Gradle version information cache is up-to-date. Trying to read.
2022-06-23 10:54:00,140 [Worker-23: Importing Maven projects] INFO  o.e.m.c.i.l.LifecycleMappingFactory - Using org.eclipse.m2e.jdt.JarLifecycleMapping lifecycle mapping for MavenProject: br.com.wmw.cleancode:exercicios-clean-code:0.0.1-SNAPSHOT @ C:\Workspace\ExercicioCleanCode\exercicios-clean-code-main\pom.xml.
2022-06-23 10:54:01,038 [Worker-23: Importing Maven projects] INFO  o.e.m.j.i.AbstractJavaProjectConfigurator - Adding source folder /exercicios-clean-code-main/src/main/java
2022-06-23 10:54:01,040 [Worker-23: Importing Maven projects] INFO  o.e.m.j.i.AbstractJavaProjectConfigurator - Adding source folder /exercicios-clean-code-main/src/test/java
2022-06-23 10:54:01,180 [Worker-23: Importing Maven projects] INFO  o.e.m.c.i.p.ProjectConfigurationManager - Imported and configured 1 project(s) in 3 sec
2022-06-23 10:54:02,102 [Worker-23: Building] INFO  o.e.m.c.i.embedder.EclipseLogger - Using 'UTF-8' encoding to copy filtered resources.
2022-06-23 10:54:02,103 [Worker-23: Building] INFO  o.e.m.c.i.embedder.EclipseLogger - skip non existing resourceDirectory C:\Workspace\ExercicioCleanCode\exercicios-clean-code-main\src\main\resources
2022-06-23 10:54:02,105 [Worker-23: Building] INFO  o.e.m.c.i.embedder.EclipseLogger - Using 'UTF-8' encoding to copy filtered resources.
2022-06-23 10:54:02,106 [Worker-23: Building] INFO  o.e.m.c.i.embedder.EclipseLogger - skip non existing resourceDirectory C:\Workspace\ExercicioCleanCode\exercicios-clean-code-main\src\test\resources
2022-06-23 10:54:33,242 [Worker-20: Building] INFO  o.e.m.c.i.embedder.EclipseLogger - Using 'UTF-8' encoding to copy filtered resources.
2022-06-23 10:54:33,242 [Worker-20: Building] INFO  o.e.m.c.i.embedder.EclipseLogger - skip non existing resourceDirectory C:\Workspace\ExercicioCleanCode\exercicios-clean-code-main\src\main\resources
2022-06-23 10:54:33,243 [Worker-20: Building] INFO  o.e.m.c.i.embedder.EclipseLogger - Using 'UTF-8' encoding to copy filtered resources.
2022-06-23 10:54:33,243 [Worker-20: Building] INFO  o.e.m.c.i.embedder.EclipseLogger - skip non existing resourceDirectory C:\Workspace\ExercicioCleanCode\exercicios-clean-code-main\src\test\resources
2022-06-23 10:56:21,064 [Worker-0: Loading available Gradle versions] INFO  o.e.b.c.i.u.g.PublishedGradleVersions - Gradle version information cache is up-to-date. Trying to read.
2022-06-23 11:04:03,844 [Worker-24: Building] INFO  o.e.m.c.i.embedder.EclipseLogger - Using 'UTF-8' encoding to copy filtered resources.
2022-06-23 11:04:03,847 [Worker-24: Building] INFO  o.e.m.c.i.embedder.EclipseLogger - skip non existing resourceDirectory C:\Workspace\ExercicioCleanCode\exercicios-clean-code-main\src\main\resources
2022-06-23 11:04:03,850 [Worker-24: Building] INFO  o.e.m.c.i.embedder.EclipseLogger - Using 'UTF-8' encoding to copy filtered resources.
2022-06-23 11:04:03,851 [Worker-24: Building] INFO  o.e.m.c.i.embedder.EclipseLogger - skip non existing resourceDirectory C:\Workspace\ExercicioCleanCode\exercicios-clean-code-main\src\test\resources
2022-06-23 11:05:18,031 [Worker-22: Building] INFO  o.e.m.c.i.embedder.EclipseLogger - Using 'UTF-8' encoding to copy filtered resources.
2022-06-23 11:05:18,032 [Worker-22: Building] INFO  o.e.m.c.i.embedder.EclipseLogger - skip non existing resourceDirectory C:\Workspace\ExercicioCleanCode\exercicios-clean-code-main\src\main\resources
2022-06-23 11:05:18,033 [Worker-22: Building] INFO  o.e.m.c.i.embedder.EclipseLogger - Using 'UTF-8' encoding to copy filtered resources.
2022-06-23 11:05:18,033 [Worker-22: Building] INFO  o.e.m.c.i.embedder.EclipseLogger - skip non existing resourceDirectory C:\Workspace\ExercicioCleanCode\exercicios-clean-code-main\src\test\resources
2022-06-23 11:05:39,976 [Worker-24: Building] INFO  o.e.m.c.i.embedder.EclipseLogger - Using 'UTF-8' encoding to copy filtered resources.
2022-06-23 11:05:39,976 [Worker-24: Building] INFO  o.e.m.c.i.embedder.EclipseLogger - skip non existing resourceDirectory C:\Workspace\ExercicioCleanCode\exercicios-clean-code-main\src\main\resources
2022-06-23 11:05:39,978 [Worker-24: Building] INFO  o.e.m.c.i.embedder.EclipseLogger - Using 'UTF-8' encoding to copy filtered resources.
2022-06-23 11:05:39,978 [Worker-24: Building] INFO  o.e.m.c.i.embedder.EclipseLogger - skip non existing resourceDirectory C:\Workspace\ExercicioCleanCode\exercicios-clean-code-main\src\test\resources
2022-06-23 11:06:19,741 [Worker-25: Building] INFO  o.e.m.c.i.embedder.EclipseLogger - Using 'UTF-8' encoding to copy filtered resources.
2022-06-23 11:06:19,741 [Worker-25: Building] INFO  o.e.m.c.i.embedder.EclipseLogger - skip non existing resourceDirectory C:\Workspace\ExercicioCleanCode\exercicios-clean-code-main\src\main\resources
2022-06-23 11:06:19,743 [Worker-25: Building] INFO  o.e.m.c.i.embedder.EclipseLogger - Using 'UTF-8' encoding to copy filtered resources.
2022-06-23 11:06:19,743 [Worker-25: Building] INFO  o.e.m.c.i.embedder.EclipseLogger - skip non existing resourceDirectory C:\Workspace\ExercicioCleanCode\exercicios-clean-code-main\src\test\resources
2022-06-23 11:08:03,665 [Worker-26: Building] INFO  o.e.m.c.i.embedder.EclipseLogger - Using 'UTF-8' encoding to copy filtered resources.
2022-06-23 11:08:03,665 [Worker-26: Building] INFO  o.e.m.c.i.embedder.EclipseLogger - skip non existing resourceDirectory C:\Workspace\ExercicioCleanCode\exercicios-clean-code-main\src\main\resources
2022-06-23 11:08:03,669 [Worker-26: Building] INFO  o.e.m.c.i.embedder.EclipseLogger - Using 'UTF-8' encoding to copy filtered resources.
2022-06-23 11:08:03,670 [Worker-26: Building] INFO  o.e.m.c.i.embedder.EclipseLogger - skip non existing resourceDirectory C:\Workspace\ExercicioCleanCode\exercicios-clean-code-main\src\test\resources
2022-06-23 11:08:49,528 [Worker-22: Building] INFO  o.e.m.c.i.embedder.EclipseLogger - Using 'UTF-8' encoding to copy filtered resources.
2022-06-23 11:08:49,529 [Worker-22: Building] INFO  o.e.m.c.i.embedder.EclipseLogger - skip non existing resourceDirectory C:\Workspace\ExercicioCleanCode\exercicios-clean-code-main\src\main\resources
2022-06-23 11:08:49,532 [Worker-22: Building] INFO  o.e.m.c.i.embedder.EclipseLogger - Using 'UTF-8' encoding to copy filtered resources.
2022-06-23 11:08:49,532 [Worker-22: Building] INFO  o.e.m.c.i.embedder.EclipseLogger - skip non existing resourceDirectory C:\Workspace\ExercicioCleanCode\exercicios-clean-code-main\src\test\resources
2022-06-23 11:11:40,361 [Worker-26: Building] INFO  o.e.m.c.i.embedder.EclipseLogger - Using 'UTF-8' encoding to copy filtered resources.
2022-06-23 11:11:40,361 [Worker-26: Building] INFO  o.e.m.c.i.embedder.EclipseLogger - skip non existing resourceDirectory C:\Workspace\ExercicioCleanCode\exercicios-clean-code-main\src\main\resources
2022-06-23 11:11:40,362 [Worker-26: Building] INFO  o.e.m.c.i.embedder.EclipseLogger - Using 'UTF-8' encoding to copy filtered resources.
2022-06-23 11:11:40,362 [Worker-26: Building] INFO  o.e.m.c.i.embedder.EclipseLogger - skip non existing resourceDirectory C:\Workspace\ExercicioCleanCode\exercicios-clean-code-main\src\test\resources
2022-06-23 11:13:02,041 [Worker-28: Building] INFO  o.e.m.c.i.embedder.EclipseLogger - Using 'UTF-8' encoding to copy filtered resources.
2022-06-23 11:13:02,042 [Worker-28: Building] INFO  o.e.m.c.i.embedder.EclipseLogger - skip non existing resourceDirectory C:\Workspace\ExercicioCleanCode\exercicios-clean-code-main\src\main\resources
2022-06-23 11:13:02,044 [Worker-28: Building] INFO  o.e.m.c.i.embedder.EclipseLogger - Using 'UTF-8' encoding to copy filtered resources.
2022-06-23 11:13:02,044 [Worker-28: Building] INFO  o.e.m.c.i.embedder.EclipseLogger - skip non existing resourceDirectory C:\Workspace\ExercicioCleanCode\exercicios-clean-code-main\src\test\resources
2022-06-23 11:13:26,899 [Worker-23: Building] INFO  o.e.m.c.i.embedder.EclipseLogger - Using 'UTF-8' encoding to copy filtered resources.
2022-06-23 11:13:26,899 [Worker-23: Building] INFO  o.e.m.c.i.embedder.EclipseLogger - skip non existing resourceDirectory C:\Workspace\ExercicioCleanCode\exercicios-clean-code-main\src\main\resources
2022-06-23 11:13:26,900 [Worker-23: Building] INFO  o.e.m.c.i.embedder.EclipseLogger - Using 'UTF-8' encoding to copy filtered resources.
2022-06-23 11:13:26,900 [Worker-23: Building] INFO  o.e.m.c.i.embedder.EclipseLogger - skip non existing resourceDirectory C:\Workspace\ExercicioCleanCode\exercicios-clean-code-main\src\test\resources
2022-06-23 11:16:45,521 [Worker-32: Building] INFO  o.e.m.c.i.embedder.EclipseLogger - Using 'UTF-8' encoding to copy filtered resources.
2022-06-23 11:16:45,522 [Worker-32: Building] INFO  o.e.m.c.i.embedder.EclipseLogger - skip non existing resourceDirectory C:\Workspace\ExercicioCleanCode\exercicios-clean-code-main\src\main\resources
2022-06-23 11:16:45,523 [Worker-32: Building] INFO  o.e.m.c.i.embedder.EclipseLogger - Using 'UTF-8' encoding to copy filtered resources.
2022-06-23 11:16:45,524 [Worker-32: Building] INFO  o.e.m.c.i.embedder.EclipseLogger - skip non existing resourceDirectory C:\Workspace\ExercicioCleanCode\exercicios-clean-code-main\src\test\resources
2022-06-23 11:16:52,104 [Worker-30: Building] INFO  o.e.m.c.i.embedder.EclipseLogger - Using 'UTF-8' encoding to copy filtered resources.
2022-06-23 11:16:52,104 [Worker-30: Building] INFO  o.e.m.c.i.embedder.EclipseLogger - skip non existing resourceDirectory C:\Workspace\ExercicioCleanCode\exercicios-clean-code-main\src\main\resources
2022-06-23 11:16:52,105 [Worker-30: Building] INFO  o.e.m.c.i.embedder.EclipseLogger - Using 'UTF-8' encoding to copy filtered resources.
2022-06-23 11:16:52,106 [Worker-30: Building] INFO  o.e.m.c.i.embedder.EclipseLogger - skip non existing resourceDirectory C:\Workspace\ExercicioCleanCode\exercicios-clean-code-main\src\test\resources
2022-06-23 11:50:15,670 [Worker-41: Building] INFO  o.e.m.c.i.embedder.EclipseLogger - Using 'UTF-8' encoding to copy filtered resources.
2022-06-23 11:50:15,670 [Worker-41: Building] INFO  o.e.m.c.i.embedder.EclipseLogger - skip non existing resourceDirectory C:\Workspace\ExercicioCleanCode\exercicios-clean-code-main\src\main\resources
2022-06-23 11:50:15,671 [Worker-41: Building] INFO  o.e.m.c.i.embedder.EclipseLogger - Using 'UTF-8' encoding to copy filtered resources.
2022-06-23 11:50:15,672 [Worker-41: Building] INFO  o.e.m.c.i.embedder.EclipseLogger - skip non existing resourceDirectory C:\Workspace\ExercicioCleanCode\exercicios-clean-code-main\src\test\resources
2022-06-23 11:50:39,502 [Worker-38: Building] INFO  o.e.m.c.i.embedder.EclipseLogger - Using 'UTF-8' encoding to copy filtered resources.
2022-06-23 11:50:39,502 [Worker-38: Building] INFO  o.e.m.c.i.embedder.EclipseLogger - skip non existing resourceDirectory C:\Workspace\ExercicioCleanCode\exercicios-clean-code-main\src\main\resources
2022-06-23 11:50:39,503 [Worker-38: Building] INFO  o.e.m.c.i.embedder.EclipseLogger - Using 'UTF-8' encoding to copy filtered resources.
2022-06-23 11:50:39,503 [Worker-38: Building] INFO  o.e.m.c.i.embedder.EclipseLogger - skip non existing resourceDirectory C:\Workspace\ExercicioCleanCode\exercicios-clean-code-main\src\test\resources
2022-06-23 11:56:32,060 [Worker-43: Building] INFO  o.e.m.c.i.embedder.EclipseLogger - Using 'UTF-8' encoding to copy filtered resources.
2022-06-23 11:56:32,061 [Worker-43: Building] INFO  o.e.m.c.i.embedder.EclipseLogger - skip non existing resourceDirectory C:\Workspace\ExercicioCleanCode\exercicios-clean-code-main\src\main\resources
2022-06-23 11:56:32,062 [Worker-43: Building] INFO  o.e.m.c.i.embedder.EclipseLogger - Using 'UTF-8' encoding to copy filtered resources.
2022-06-23 11:56:32,063 [Worker-43: Building] INFO  o.e.m.c.i.embedder.EclipseLogger - skip non existing resourceDirectory C:\Workspace\ExercicioCleanCode\exercicios-clean-code-main\src\test\resources
2022-06-23 12:02:04,762 [Worker-46: Building] INFO  o.e.m.c.i.embedder.EclipseLogger - Using 'UTF-8' encoding to copy filtered resources.
2022-06-23 12:02:04,763 [Worker-46: Building] INFO  o.e.m.c.i.embedder.EclipseLogger - skip non existing resourceDirectory C:\Workspace\ExercicioCleanCode\exercicios-clean-code-main\src\main\resources
2022-06-23 12:02:04,764 [Worker-46: Building] INFO  o.e.m.c.i.embedder.EclipseLogger - Using 'UTF-8' encoding to copy filtered resources.
2022-06-23 12:02:04,764 [Worker-46: Building] INFO  o.e.m.c.i.embedder.EclipseLogger - skip non existing resourceDirectory C:\Workspace\ExercicioCleanCode\exercicios-clean-code-main\src\test\resources
2022-06-23 12:06:09,086 [Worker-46: Building] INFO  o.e.m.c.i.embedder.EclipseLogger - Using 'UTF-8' encoding to copy filtered resources.
2022-06-23 12:06:09,086 [Worker-46: Building] INFO  o.e.m.c.i.embedder.EclipseLogger - skip non existing resourceDirectory C:\Workspace\ExercicioCleanCode\exercicios-clean-code-main\src\main\resources
2022-06-23 12:06:09,087 [Worker-46: Building] INFO  o.e.m.c.i.embedder.EclipseLogger - Using 'UTF-8' encoding to copy filtered resources.
2022-06-23 12:06:09,088 [Worker-46: Building] INFO  o.e.m.c.i.embedder.EclipseLogger - skip non existing resourceDirectory C:\Workspace\ExercicioCleanCode\exercicios-clean-code-main\src\test\resources
2022-06-23 12:20:15,809 [Worker-57: Building] INFO  o.e.m.c.i.embedder.EclipseLogger - Using 'UTF-8' encoding to copy filtered resources.
2022-06-23 12:20:15,809 [Worker-57: Building] INFO  o.e.m.c.i.embedder.EclipseLogger - skip non existing resourceDirectory C:\Workspace\ExercicioCleanCode\exercicios-clean-code-main\src\main\resources
2022-06-23 12:20:15,811 [Worker-57: Building] INFO  o.e.m.c.i.embedder.EclipseLogger - Using 'UTF-8' encoding to copy filtered resources.
2022-06-23 12:20:15,811 [Worker-57: Building] INFO  o.e.m.c.i.embedder.EclipseLogger - skip non existing resourceDirectory C:\Workspace\ExercicioCleanCode\exercicios-clean-code-main\src\test\resources
2022-06-23 12:20:31,254 [Worker-55: Building] INFO  o.e.m.c.i.embedder.EclipseLogger - Using 'UTF-8' encoding to copy filtered resources.
2022-06-23 12:20:31,254 [Worker-55: Building] INFO  o.e.m.c.i.embedder.EclipseLogger - skip non existing resourceDirectory C:\Workspace\ExercicioCleanCode\exercicios-clean-code-main\src\main\resources
2022-06-23 12:20:31,255 [Worker-55: Building] INFO  o.e.m.c.i.embedder.EclipseLogger - Using 'UTF-8' encoding to copy filtered resources.
2022-06-23 12:20:31,256 [Worker-55: Building] INFO  o.e.m.c.i.embedder.EclipseLogger - skip non existing resourceDirectory C:\Workspace\ExercicioCleanCode\exercicios-clean-code-main\src\test\resources
2022-06-23 12:20:57,054 [Worker-58: Building] INFO  o.e.m.c.i.embedder.EclipseLogger - Using 'UTF-8' encoding to copy filtered resources.
2022-06-23 12:20:57,054 [Worker-58: Building] INFO  o.e.m.c.i.embedder.EclipseLogger - skip non existing resourceDirectory C:\Workspace\ExercicioCleanCode\exercicios-clean-code-main\src\main\resources
2022-06-23 12:20:57,055 [Worker-58: Building] INFO  o.e.m.c.i.embedder.EclipseLogger - Using 'UTF-8' encoding to copy filtered resources.
2022-06-23 12:20:57,056 [Worker-58: Building] INFO  o.e.m.c.i.embedder.EclipseLogger - skip non existing resourceDirectory C:\Workspace\ExercicioCleanCode\exercicios-clean-code-main\src\test\resources
2022-06-23 12:21:53,150 [Worker-51: Building] INFO  o.e.m.c.i.embedder.EclipseLogger - Using 'UTF-8' encoding to copy filtered resources.
2022-06-23 12:21:53,151 [Worker-51: Building] INFO  o.e.m.c.i.embedder.EclipseLogger - skip non existing resourceDirectory C:\Workspace\ExercicioCleanCode\exercicios-clean-code-main\src\main\resources
2022-06-23 12:21:53,152 [Worker-51: Building] INFO  o.e.m.c.i.embedder.EclipseLogger - Using 'UTF-8' encoding to copy filtered resources.
2022-06-23 12:21:53,153 [Worker-51: Building] INFO  o.e.m.c.i.embedder.EclipseLogger - skip non existing resourceDirectory C:\Workspace\ExercicioCleanCode\exercicios-clean-code-main\src\test\resources
2022-06-23 12:25:53,740 [Worker-51: Building] INFO  o.e.m.c.i.embedder.EclipseLogger - Using 'UTF-8' encoding to copy filtered resources.
2022-06-23 12:25:53,740 [Worker-51: Building] INFO  o.e.m.c.i.embedder.EclipseLogger - skip non existing resourceDirectory C:\Workspace\ExercicioCleanCode\exercicios-clean-code-main\src\main\resources
2022-06-23 12:25:53,741 [Worker-51: Building] INFO  o.e.m.c.i.embedder.EclipseLogger - Using 'UTF-8' encoding to copy filtered resources.
2022-06-23 12:25:53,742 [Worker-51: Building] INFO  o.e.m.c.i.embedder.EclipseLogger - skip non existing resourceDirectory C:\Workspace\ExercicioCleanCode\exercicios-clean-code-main\src\test\resources
2022-06-23 12:27:34,078 [Worker-51: Building] INFO  o.e.m.c.i.embedder.EclipseLogger - Using 'UTF-8' encoding to copy filtered resources.
2022-06-23 12:27:34,078 [Worker-51: Building] INFO  o.e.m.c.i.embedder.EclipseLogger - skip non existing resourceDirectory C:\Workspace\ExercicioCleanCode\exercicios-clean-code-main\src\main\resources
2022-06-23 12:27:34,079 [Worker-51: Building] INFO  o.e.m.c.i.embedder.EclipseLogger - Using 'UTF-8' encoding to copy filtered resources.
2022-06-23 12:27:34,080 [Worker-51: Building] INFO  o.e.m.c.i.embedder.EclipseLogger - skip non existing resourceDirectory C:\Workspace\ExercicioCleanCode\exercicios-clean-code-main\src\test\resources
2022-06-23 12:27:48,114 [Worker-55: Building] INFO  o.e.m.c.i.embedder.EclipseLogger - Using 'UTF-8' encoding to copy filtered resources.
2022-06-23 12:27:48,114 [Worker-55: Building] INFO  o.e.m.c.i.embedder.EclipseLogger - skip non existing resourceDirectory C:\Workspace\ExercicioCleanCode\exercicios-clean-code-main\src\main\resources
2022-06-23 12:27:48,115 [Worker-55: Building] INFO  o.e.m.c.i.embedder.EclipseLogger - Using 'UTF-8' encoding to copy filtered resources.
2022-06-23 12:27:48,116 [Worker-55: Building] INFO  o.e.m.c.i.embedder.EclipseLogger - skip non existing resourceDirectory C:\Workspace\ExercicioCleanCode\exercicios-clean-code-main\src\test\resources
2022-06-23 12:27:53,841 [Worker-58: Building] INFO  o.e.m.c.i.embedder.EclipseLogger - Using 'UTF-8' encoding to copy filtered resources.
2022-06-23 12:27:53,842 [Worker-58: Building] INFO  o.e.m.c.i.embedder.EclipseLogger - skip non existing resourceDirectory C:\Workspace\ExercicioCleanCode\exercicios-clean-code-main\src\main\resources
2022-06-23 12:27:53,843 [Worker-58: Building] INFO  o.e.m.c.i.embedder.EclipseLogger - Using 'UTF-8' encoding to copy filtered resources.
2022-06-23 12:27:53,844 [Worker-58: Building] INFO  o.e.m.c.i.embedder.EclipseLogger - skip non existing resourceDirectory C:\Workspace\ExercicioCleanCode\exercicios-clean-code-main\src\test\resources
2022-06-23 12:44:12,245 [main] INFO  o.e.m.c.i.embedder.EclipseLogger - Using 'UTF-8' encoding to copy filtered resources.
2022-06-23 12:44:12,245 [main] INFO  o.e.m.c.i.embedder.EclipseLogger - skip non existing resourceDirectory C:\Workspace\ExercicioCleanCode\exercicios-clean-code-main\src\main\resources
2022-06-23 12:44:12,246 [main] INFO  o.e.m.c.i.embedder.EclipseLogger - Using 'UTF-8' encoding to copy filtered resources.
2022-06-23 12:44:12,246 [main] INFO  o.e.m.c.i.embedder.EclipseLogger - skip non existing resourceDirectory C:\Workspace\ExercicioCleanCode\exercicios-clean-code-main\src\test\resources
2022-06-23 12:47:04,057 [Worker-63: Building] INFO  o.e.m.c.i.embedder.EclipseLogger - Using 'UTF-8' encoding to copy filtered resources.
2022-06-23 12:47:04,057 [Worker-63: Building] INFO  o.e.m.c.i.embedder.EclipseLogger - skip non existing resourceDirectory C:\Workspace\ExercicioCleanCode\exercicios-clean-code-main\src\main\resources
2022-06-23 12:47:04,058 [Worker-63: Building] INFO  o.e.m.c.i.embedder.EclipseLogger - Using 'UTF-8' encoding to copy filtered resources.
2022-06-23 12:47:04,059 [Worker-63: Building] INFO  o.e.m.c.i.embedder.EclipseLogger - skip non existing resourceDirectory C:\Workspace\ExercicioCleanCode\exercicios-clean-code-main\src\test\resources
2022-06-23 12:47:45,220 [Worker-64: Building] INFO  o.e.m.c.i.embedder.EclipseLogger - Using 'UTF-8' encoding to copy filtered resources.
2022-06-23 12:47:45,220 [Worker-64: Building] INFO  o.e.m.c.i.embedder.EclipseLogger - skip non existing resourceDirectory C:\Workspace\ExercicioCleanCode\exercicios-clean-code-main\src\main\resources
2022-06-23 12:47:45,221 [Worker-64: Building] INFO  o.e.m.c.i.embedder.EclipseLogger - Using 'UTF-8' encoding to copy filtered resources.
2022-06-23 12:47:45,222 [Worker-64: Building] INFO  o.e.m.c.i.embedder.EclipseLogger - skip non existing resourceDirectory C:\Workspace\ExercicioCleanCode\exercicios-clean-code-main\src\test\resources
2022-06-23 12:52:05,289 [Worker-67: Building] INFO  o.e.m.c.i.embedder.EclipseLogger - Using 'UTF-8' encoding to copy filtered resources.
2022-06-23 12:52:05,289 [Worker-67: Building] INFO  o.e.m.c.i.embedder.EclipseLogger - skip non existing resourceDirectory C:\Workspace\ExercicioCleanCode\exercicios-clean-code-main\src\main\resources
2022-06-23 12:52:05,289 [Worker-67: Building] INFO  o.e.m.c.i.embedder.EclipseLogger - Using 'UTF-8' encoding to copy filtered resources.
2022-06-23 12:52:05,291 [Worker-67: Building] INFO  o.e.m.c.i.embedder.EclipseLogger - skip non existing resourceDirectory C:\Workspace\ExercicioCleanCode\exercicios-clean-code-main\src\test\resources
2022-06-23 12:53:51,998 [Worker-67: Building] INFO  o.e.m.c.i.embedder.EclipseLogger - Using 'UTF-8' encoding to copy filtered resources.
2022-06-23 12:53:51,998 [Worker-67: Building] INFO  o.e.m.c.i.embedder.EclipseLogger - skip non existing resourceDirectory C:\Workspace\ExercicioCleanCode\exercicios-clean-code-main\src\main\resources
2022-06-23 12:53:51,998 [Worker-67: Building] INFO  o.e.m.c.i.embedder.EclipseLogger - Using 'UTF-8' encoding to copy filtered resources.
2022-06-23 12:53:51,999 [Worker-67: Building] INFO  o.e.m.c.i.embedder.EclipseLogger - skip non existing resourceDirectory C:\Workspace\ExercicioCleanCode\exercicios-clean-code-main\src\test\resources
2022-06-23 12:56:42,867 [Worker-65: Building] INFO  o.e.m.c.i.embedder.EclipseLogger - Using 'UTF-8' encoding to copy filtered resources.
2022-06-23 12:56:42,868 [Worker-65: Building] INFO  o.e.m.c.i.embedder.EclipseLogger - skip non existing resourceDirectory C:\Workspace\ExercicioCleanCode\exercicios-clean-code-main\src\main\resources
2022-06-23 12:56:42,869 [Worker-65: Building] INFO  o.e.m.c.i.embedder.EclipseLogger - Using 'UTF-8' encoding to copy filtered resources.
2022-06-23 12:56:42,869 [Worker-65: Building] INFO  o.e.m.c.i.embedder.EclipseLogger - skip non existing resourceDirectory C:\Workspace\ExercicioCleanCode\exercicios-clean-code-main\src\test\resources
2022-06-23 12:58:44,994 [Worker-67: Building] INFO  o.e.m.c.i.embedder.EclipseLogger - Using 'UTF-8' encoding to copy filtered resources.
2022-06-23 12:58:44,995 [Worker-67: Building] INFO  o.e.m.c.i.embedder.EclipseLogger - skip non existing resourceDirectory C:\Workspace\ExercicioCleanCode\exercicios-clean-code-main\src\main\resources
2022-06-23 12:58:44,997 [Worker-67: Building] INFO  o.e.m.c.i.embedder.EclipseLogger - Using 'UTF-8' encoding to copy filtered resources.
2022-06-23 12:58:44,998 [Worker-67: Building] INFO  o.e.m.c.i.embedder.EclipseLogger - skip non existing resourceDirectory C:\Workspace\ExercicioCleanCode\exercicios-clean-code-main\src\test\resources
2022-06-23 13:00:01,683 [Worker-69: Building] INFO  o.e.m.c.i.embedder.EclipseLogger - Using 'UTF-8' encoding to copy filtered resources.
2022-06-23 13:00:01,683 [Worker-69: Building] INFO  o.e.m.c.i.embedder.EclipseLogger - skip non existing resourceDirectory C:\Workspace\ExercicioCleanCode\exercicios-clean-code-main\src\main\resources
2022-06-23 13:00:01,684 [Worker-69: Building] INFO  o.e.m.c.i.embedder.EclipseLogger - Using 'UTF-8' encoding to copy filtered resources.
2022-06-23 13:00:01,684 [Worker-69: Building] INFO  o.e.m.c.i.embedder.EclipseLogger - skip non existing resourceDirectory C:\Workspace\ExercicioCleanCode\exercicios-clean-code-main\src\test\resources
2022-06-23 13:00:07,405 [Worker-60: Building] INFO  o.e.m.c.i.embedder.EclipseLogger - Using 'UTF-8' encoding to copy filtered resources.
2022-06-23 13:00:07,405 [Worker-60: Building] INFO  o.e.m.c.i.embedder.EclipseLogger - skip non existing resourceDirectory C:\Workspace\ExercicioCleanCode\exercicios-clean-code-main\src\main\resources
2022-06-23 13:00:07,406 [Worker-60: Building] INFO  o.e.m.c.i.embedder.EclipseLogger - Using 'UTF-8' encoding to copy filtered resources.
2022-06-23 13:00:07,407 [Worker-60: Building] INFO  o.e.m.c.i.embedder.EclipseLogger - skip non existing resourceDirectory C:\Workspace\ExercicioCleanCode\exercicios-clean-code-main\src\test\resources
2022-06-23 13:00:21,982 [Worker-65: Building] INFO  o.e.m.c.i.embedder.EclipseLogger - Using 'UTF-8' encoding to copy filtered resources.
2022-06-23 13:00:21,983 [Worker-65: Building] INFO  o.e.m.c.i.embedder.EclipseLogger - skip non existing resourceDirectory C:\Workspace\ExercicioCleanCode\exercicios-clean-code-main\src\main\resources
2022-06-23 13:00:21,984 [Worker-65: Building] INFO  o.e.m.c.i.embedder.EclipseLogger - Using 'UTF-8' encoding to copy filtered resources.
2022-06-23 13:00:21,985 [Worker-65: Building] INFO  o.e.m.c.i.embedder.EclipseLogger - skip non existing resourceDirectory C:\Workspace\ExercicioCleanCode\exercicios-clean-code-main\src\test\resources
2022-06-23 13:04:15,121 [Worker-70: Building] INFO  o.e.m.c.i.embedder.EclipseLogger - Using 'UTF-8' encoding to copy filtered resources.
2022-06-23 13:04:15,121 [Worker-70: Building] INFO  o.e.m.c.i.embedder.EclipseLogger - skip non existing resourceDirectory C:\Workspace\ExercicioCleanCode\exercicios-clean-code-main\src\main\resources
2022-06-23 13:04:15,122 [Worker-70: Building] INFO  o.e.m.c.i.embedder.EclipseLogger - Using 'UTF-8' encoding to copy filtered resources.
2022-06-23 13:04:15,122 [Worker-70: Building] INFO  o.e.m.c.i.embedder.EclipseLogger - skip non existing resourceDirectory C:\Workspace\ExercicioCleanCode\exercicios-clean-code-main\src\test\resources
2022-06-23 13:06:43,148 [Worker-71: Building] INFO  o.e.m.c.i.embedder.EclipseLogger - Using 'UTF-8' encoding to copy filtered resources.
2022-06-23 13:06:43,148 [Worker-71: Building] INFO  o.e.m.c.i.embedder.EclipseLogger - skip non existing resourceDirectory C:\Workspace\ExercicioCleanCode\exercicios-clean-code-main\src\main\resources
2022-06-23 13:06:43,149 [Worker-71: Building] INFO  o.e.m.c.i.embedder.EclipseLogger - Using 'UTF-8' encoding to copy filtered resources.
2022-06-23 13:06:43,149 [Worker-71: Building] INFO  o.e.m.c.i.embedder.EclipseLogger - skip non existing resourceDirectory C:\Workspace\ExercicioCleanCode\exercicios-clean-code-main\src\test\resources
2022-06-23 13:10:41,786 [Worker-71: Building] INFO  o.e.m.c.i.embedder.EclipseLogger - Using 'UTF-8' encoding to copy filtered resources.
2022-06-23 13:10:41,786 [Worker-71: Building] INFO  o.e.m.c.i.embedder.EclipseLogger - skip non existing resourceDirectory C:\Workspace\ExercicioCleanCode\exercicios-clean-code-main\src\main\resources
2022-06-23 13:10:41,786 [Worker-71: Building] INFO  o.e.m.c.i.embedder.EclipseLogger - Using 'UTF-8' encoding to copy filtered resources.
2022-06-23 13:10:41,788 [Worker-71: Building] INFO  o.e.m.c.i.embedder.EclipseLogger - skip non existing resourceDirectory C:\Workspace\ExercicioCleanCode\exercicios-clean-code-main\src\test\resources
2022-06-23 13:11:18,687 [Worker-76: Building] INFO  o.e.m.c.i.embedder.EclipseLogger - Using 'UTF-8' encoding to copy filtered resources.
2022-06-23 13:11:18,687 [Worker-76: Building] INFO  o.e.m.c.i.embedder.EclipseLogger - skip non existing resourceDirectory C:\Workspace\ExercicioCleanCode\exercicios-clean-code-main\src\main\resources
2022-06-23 13:11:18,688 [Worker-76: Building] INFO  o.e.m.c.i.embedder.EclipseLogger - Using 'UTF-8' encoding to copy filtered resources.
2022-06-23 13:11:18,688 [Worker-76: Building] INFO  o.e.m.c.i.embedder.EclipseLogger - skip non existing resourceDirectory C:\Workspace\ExercicioCleanCode\exercicios-clean-code-main\src\test\resources
2022-06-23 13:11:44,769 [Worker-74: Building] INFO  o.e.m.c.i.embedder.EclipseLogger - Using 'UTF-8' encoding to copy filtered resources.
2022-06-23 13:11:44,769 [Worker-74: Building] INFO  o.e.m.c.i.embedder.EclipseLogger - skip non existing resourceDirectory C:\Workspace\ExercicioCleanCode\exercicios-clean-code-main\src\main\resources
2022-06-23 13:11:44,770 [Worker-74: Building] INFO  o.e.m.c.i.embedder.EclipseLogger - Using 'UTF-8' encoding to copy filtered resources.
2022-06-23 13:11:44,770 [Worker-74: Building] INFO  o.e.m.c.i.embedder.EclipseLogger - skip non existing resourceDirectory C:\Workspace\ExercicioCleanCode\exercicios-clean-code-main\src\test\resources
2022-06-23 13:11:56,826 [Worker-71: Building] INFO  o.e.m.c.i.embedder.EclipseLogger - Using 'UTF-8' encoding to copy filtered resources.
2022-06-23 13:11:56,827 [Worker-71: Building] INFO  o.e.m.c.i.embedder.EclipseLogger - skip non existing resourceDirectory C:\Workspace\ExercicioCleanCode\exercicios-clean-code-main\src\main\resources
2022-06-23 13:11:56,828 [Worker-71: Building] INFO  o.e.m.c.i.embedder.EclipseLogger - Using 'UTF-8' encoding to copy filtered resources.
2022-06-23 13:11:56,828 [Worker-71: Building] INFO  o.e.m.c.i.embedder.EclipseLogger - skip non existing resourceDirectory C:\Workspace\ExercicioCleanCode\exercicios-clean-code-main\src\test\resources
2022-06-23 13:12:16,045 [Worker-73: Building] INFO  o.e.m.c.i.embedder.EclipseLogger - Using 'UTF-8' encoding to copy filtered resources.
2022-06-23 13:12:16,045 [Worker-73: Building] INFO  o.e.m.c.i.embedder.EclipseLogger - skip non existing resourceDirectory C:\Workspace\ExercicioCleanCode\exercicios-clean-code-main\src\main\resources
2022-06-23 13:12:16,045 [Worker-73: Building] INFO  o.e.m.c.i.embedder.EclipseLogger - Using 'UTF-8' encoding to copy filtered resources.
2022-06-23 13:12:16,046 [Worker-73: Building] INFO  o.e.m.c.i.embedder.EclipseLogger - skip non existing resourceDirectory C:\Workspace\ExercicioCleanCode\exercicios-clean-code-main\src\test\resources
2022-06-23 13:13:40,921 [Worker-74: Building] INFO  o.e.m.c.i.embedder.EclipseLogger - Using 'UTF-8' encoding to copy filtered resources.
2022-06-23 13:13:40,922 [Worker-74: Building] INFO  o.e.m.c.i.embedder.EclipseLogger - skip non existing resourceDirectory C:\Workspace\ExercicioCleanCode\exercicios-clean-code-main\src\main\resources
2022-06-23 13:13:40,923 [Worker-74: Building] INFO  o.e.m.c.i.embedder.EclipseLogger - Using 'UTF-8' encoding to copy filtered resources.
2022-06-23 13:13:40,924 [Worker-74: Building] INFO  o.e.m.c.i.embedder.EclipseLogger - skip non existing resourceDirectory C:\Workspace\ExercicioCleanCode\exercicios-clean-code-main\src\test\resources
2022-06-23 13:14:23,354 [Worker-75: Building] INFO  o.e.m.c.i.embedder.EclipseLogger - Using 'UTF-8' encoding to copy filtered resources.
2022-06-23 13:14:23,354 [Worker-75: Building] INFO  o.e.m.c.i.embedder.EclipseLogger - skip non existing resourceDirectory C:\Workspace\ExercicioCleanCode\exercicios-clean-code-main\src\main\resources
2022-06-23 13:14:23,355 [Worker-75: Building] INFO  o.e.m.c.i.embedder.EclipseLogger - Using 'UTF-8' encoding to copy filtered resources.
2022-06-23 13:14:23,356 [Worker-75: Building] INFO  o.e.m.c.i.embedder.EclipseLogger - skip non existing resourceDirectory C:\Workspace\ExercicioCleanCode\exercicios-clean-code-main\src\test\resources
2022-06-23 13:14:30,636 [Worker-71: Building] INFO  o.e.m.c.i.embedder.EclipseLogger - Using 'UTF-8' encoding to copy filtered resources.
2022-06-23 13:14:30,636 [Worker-71: Building] INFO  o.e.m.c.i.embedder.EclipseLogger - skip non existing resourceDirectory C:\Workspace\ExercicioCleanCode\exercicios-clean-code-main\src\main\resources
2022-06-23 13:14:30,637 [Worker-71: Building] INFO  o.e.m.c.i.embedder.EclipseLogger - Using 'UTF-8' encoding to copy filtered resources.
2022-06-23 13:14:30,637 [Worker-71: Building] INFO  o.e.m.c.i.embedder.EclipseLogger - skip non existing resourceDirectory C:\Workspace\ExercicioCleanCode\exercicios-clean-code-main\src\test\resources
2022-06-23 13:15:52,857 [Worker-76: Building] INFO  o.e.m.c.i.embedder.EclipseLogger - Using 'UTF-8' encoding to copy filtered resources.
2022-06-23 13:15:52,857 [Worker-76: Building] INFO  o.e.m.c.i.embedder.EclipseLogger - skip non existing resourceDirectory C:\Workspace\ExercicioCleanCode\exercicios-clean-code-main\src\main\resources
2022-06-23 13:15:52,858 [Worker-76: Building] INFO  o.e.m.c.i.embedder.EclipseLogger - Using 'UTF-8' encoding to copy filtered resources.
2022-06-23 13:15:52,858 [Worker-76: Building] INFO  o.e.m.c.i.embedder.EclipseLogger - skip non existing resourceDirectory C:\Workspace\ExercicioCleanCode\exercicios-clean-code-main\src\test\resources
2022-06-23 13:16:24,230 [Worker-71: Building] INFO  o.e.m.c.i.embedder.EclipseLogger - Using 'UTF-8' encoding to copy filtered resources.
2022-06-23 13:16:24,230 [Worker-71: Building] INFO  o.e.m.c.i.embedder.EclipseLogger - skip non existing resourceDirectory C:\Workspace\ExercicioCleanCode\exercicios-clean-code-main\src\main\resources
2022-06-23 13:16:24,232 [Worker-71: Building] INFO  o.e.m.c.i.embedder.EclipseLogger - Using 'UTF-8' encoding to copy filtered resources.
2022-06-23 13:16:24,233 [Worker-71: Building] INFO  o.e.m.c.i.embedder.EclipseLogger - skip non existing resourceDirectory C:\Workspace\ExercicioCleanCode\exercicios-clean-code-main\src\test\resources
2022-06-23 13:17:39,863 [Worker-71: Building] INFO  o.e.m.c.i.embedder.EclipseLogger - Using 'UTF-8' encoding to copy filtered resources.
2022-06-23 13:17:39,863 [Worker-71: Building] INFO  o.e.m.c.i.embedder.EclipseLogger - skip non existing resourceDirectory C:\Workspace\ExercicioCleanCode\exercicios-clean-code-main\src\main\resources
2022-06-23 13:17:39,864 [Worker-71: Building] INFO  o.e.m.c.i.embedder.EclipseLogger - Using 'UTF-8' encoding to copy filtered resources.
2022-06-23 13:17:39,864 [Worker-71: Building] INFO  o.e.m.c.i.embedder.EclipseLogger - skip non existing resourceDirectory C:\Workspace\ExercicioCleanCode\exercicios-clean-code-main\src\test\resources
2022-06-23 13:18:36,439 [Worker-74: Building] INFO  o.e.m.c.i.embedder.EclipseLogger - Using 'UTF-8' encoding to copy filtered resources.
2022-06-23 13:18:36,439 [Worker-74: Building] INFO  o.e.m.c.i.embedder.EclipseLogger - skip non existing resourceDirectory C:\Workspace\ExercicioCleanCode\exercicios-clean-code-main\src\main\resources
2022-06-23 13:18:36,440 [Worker-74: Building] INFO  o.e.m.c.i.embedder.EclipseLogger - Using 'UTF-8' encoding to copy filtered resources.
2022-06-23 13:18:36,440 [Worker-74: Building] INFO  o.e.m.c.i.embedder.EclipseLogger - skip non existing resourceDirectory C:\Workspace\ExercicioCleanCode\exercicios-clean-code-main\src\test\resources
2022-06-23 13:19:12,694 [Worker-71: Building] INFO  o.e.m.c.i.embedder.EclipseLogger - Using 'UTF-8' encoding to copy filtered resources.
2022-06-23 13:19:12,694 [Worker-71: Building] INFO  o.e.m.c.i.embedder.EclipseLogger - skip non existing resourceDirectory C:\Workspace\ExercicioCleanCode\exercicios-clean-code-main\src\main\resources
2022-06-23 13:19:12,695 [Worker-71: Building] INFO  o.e.m.c.i.embedder.EclipseLogger - Using 'UTF-8' encoding to copy filtered resources.
2022-06-23 13:19:12,695 [Worker-71: Building] INFO  o.e.m.c.i.embedder.EclipseLogger - skip non existing resourceDirectory C:\Workspace\ExercicioCleanCode\exercicios-clean-code-main\src\test\resources
2022-06-23 13:19:50,952 [Worker-73: Building] INFO  o.e.m.c.i.embedder.EclipseLogger - Using 'UTF-8' encoding to copy filtered resources.
2022-06-23 13:19:50,952 [Worker-73: Building] INFO  o.e.m.c.i.embedder.EclipseLogger - skip non existing resourceDirectory C:\Workspace\ExercicioCleanCode\exercicios-clean-code-main\src\main\resources
2022-06-23 13:19:50,953 [Worker-73: Building] INFO  o.e.m.c.i.embedder.EclipseLogger - Using 'UTF-8' encoding to copy filtered resources.
2022-06-23 13:19:50,954 [Worker-73: Building] INFO  o.e.m.c.i.embedder.EclipseLogger - skip non existing resourceDirectory C:\Workspace\ExercicioCleanCode\exercicios-clean-code-main\src\test\resources
2022-06-23 13:44:55,187 [Worker-83: Building] INFO  o.e.m.c.i.embedder.EclipseLogger - Using 'UTF-8' encoding to copy filtered resources.
2022-06-23 13:44:55,187 [Worker-83: Building] INFO  o.e.m.c.i.embedder.EclipseLogger - skip non existing resourceDirectory C:\Workspace\ExercicioCleanCode\exercicios-clean-code-main\src\main\resources
2022-06-23 13:44:55,188 [Worker-83: Building] INFO  o.e.m.c.i.embedder.EclipseLogger - Using 'UTF-8' encoding to copy filtered resources.
2022-06-23 13:44:55,189 [Worker-83: Building] INFO  o.e.m.c.i.embedder.EclipseLogger - skip non existing resourceDirectory C:\Workspace\ExercicioCleanCode\exercicios-clean-code-main\src\test\resources
2022-06-23 13:47:16,477 [Worker-80: Building] INFO  o.e.m.c.i.embedder.EclipseLogger - Using 'UTF-8' encoding to copy filtered resources.
2022-06-23 13:47:16,478 [Worker-80: Building] INFO  o.e.m.c.i.embedder.EclipseLogger - skip non existing resourceDirectory C:\Workspace\ExercicioCleanCode\exercicios-clean-code-main\src\main\resources
2022-06-23 13:47:16,478 [Worker-80: Building] INFO  o.e.m.c.i.embedder.EclipseLogger - Using 'UTF-8' encoding to copy filtered resources.
2022-06-23 13:47:16,479 [Worker-80: Building] INFO  o.e.m.c.i.embedder.EclipseLogger - skip non existing resourceDirectory C:\Workspace\ExercicioCleanCode\exercicios-clean-code-main\src\test\resources
2022-06-23 13:47:31,624 [Worker-82: Building] INFO  o.e.m.c.i.embedder.EclipseLogger - Using 'UTF-8' encoding to copy filtered resources.
2022-06-23 13:47:31,624 [Worker-82: Building] INFO  o.e.m.c.i.embedder.EclipseLogger - skip non existing resourceDirectory C:\Workspace\ExercicioCleanCode\exercicios-clean-code-main\src\main\resources
2022-06-23 13:47:31,625 [Worker-82: Building] INFO  o.e.m.c.i.embedder.EclipseLogger - Using 'UTF-8' encoding to copy filtered resources.
2022-06-23 13:47:31,625 [Worker-82: Building] INFO  o.e.m.c.i.embedder.EclipseLogger - skip non existing resourceDirectory C:\Workspace\ExercicioCleanCode\exercicios-clean-code-main\src\test\resources
2022-06-23 13:47:46,620 [Worker-83: Building] INFO  o.e.m.c.i.embedder.EclipseLogger - Using 'UTF-8' encoding to copy filtered resources.
2022-06-23 13:47:46,621 [Worker-83: Building] INFO  o.e.m.c.i.embedder.EclipseLogger - skip non existing resourceDirectory C:\Workspace\ExercicioCleanCode\exercicios-clean-code-main\src\main\resources
2022-06-23 13:47:46,622 [Worker-83: Building] INFO  o.e.m.c.i.embedder.EclipseLogger - Using 'UTF-8' encoding to copy filtered resources.
2022-06-23 13:47:46,622 [Worker-83: Building] INFO  o.e.m.c.i.embedder.EclipseLogger - skip non existing resourceDirectory C:\Workspace\ExercicioCleanCode\exercicios-clean-code-main\src\test\resources
2022-06-23 13:47:53,423 [Worker-83: Building] INFO  o.e.m.c.i.embedder.EclipseLogger - Using 'UTF-8' encoding to copy filtered resources.
2022-06-23 13:47:53,423 [Worker-83: Building] INFO  o.e.m.c.i.embedder.EclipseLogger - skip non existing resourceDirectory C:\Workspace\ExercicioCleanCode\exercicios-clean-code-main\src\main\resources
2022-06-23 13:47:53,423 [Worker-83: Building] INFO  o.e.m.c.i.embedder.EclipseLogger - Using 'UTF-8' encoding to copy filtered resources.
2022-06-23 13:47:53,424 [Worker-83: Building] INFO  o.e.m.c.i.embedder.EclipseLogger - skip non existing resourceDirectory C:\Workspace\ExercicioCleanCode\exercicios-clean-code-main\src\test\resources
2022-06-23 13:47:59,962 [Worker-80: Building] INFO  o.e.m.c.i.embedder.EclipseLogger - Using 'UTF-8' encoding to copy filtered resources.
2022-06-23 13:47:59,963 [Worker-80: Building] INFO  o.e.m.c.i.embedder.EclipseLogger - skip non existing resourceDirectory C:\Workspace\ExercicioCleanCode\exercicios-clean-code-main\src\main\resources
2022-06-23 13:47:59,964 [Worker-80: Building] INFO  o.e.m.c.i.embedder.EclipseLogger - Using 'UTF-8' encoding to copy filtered resources.
2022-06-23 13:47:59,964 [Worker-80: Building] INFO  o.e.m.c.i.embedder.EclipseLogger - skip non existing resourceDirectory C:\Workspace\ExercicioCleanCode\exercicios-clean-code-main\src\test\resources
2022-06-23 13:51:46,727 [Worker-81: Building] INFO  o.e.m.c.i.embedder.EclipseLogger - Using 'UTF-8' encoding to copy filtered resources.
2022-06-23 13:51:46,727 [Worker-81: Building] INFO  o.e.m.c.i.embedder.EclipseLogger - skip non existing resourceDirectory C:\Workspace\ExercicioCleanCode\exercicios-clean-code-main\src\main\resources
2022-06-23 13:51:46,728 [Worker-81: Building] INFO  o.e.m.c.i.embedder.EclipseLogger - Using 'UTF-8' encoding to copy filtered resources.
2022-06-23 13:51:46,728 [Worker-81: Building] INFO  o.e.m.c.i.embedder.EclipseLogger - skip non existing resourceDirectory C:\Workspace\ExercicioCleanCode\exercicios-clean-code-main\src\test\resources
2022-06-23 13:53:12,436 [Worker-81: Building] INFO  o.e.m.c.i.embedder.EclipseLogger - Using 'UTF-8' encoding to copy filtered resources.
2022-06-23 13:53:12,437 [Worker-81: Building] INFO  o.e.m.c.i.embedder.EclipseLogger - skip non existing resourceDirectory C:\Workspace\ExercicioCleanCode\exercicios-clean-code-main\src\main\resources
2022-06-23 13:53:12,438 [Worker-81: Building] INFO  o.e.m.c.i.embedder.EclipseLogger - Using 'UTF-8' encoding to copy filtered resources.
2022-06-23 13:53:12,438 [Worker-81: Building] INFO  o.e.m.c.i.embedder.EclipseLogger - skip non existing resourceDirectory C:\Workspace\ExercicioCleanCode\exercicios-clean-code-main\src\test\resources
2022-06-23 13:53:31,618 [Worker-83: Building] INFO  o.e.m.c.i.embedder.EclipseLogger - Using 'UTF-8' encoding to copy filtered resources.
2022-06-23 13:53:31,618 [Worker-83: Building] INFO  o.e.m.c.i.embedder.EclipseLogger - skip non existing resourceDirectory C:\Workspace\ExercicioCleanCode\exercicios-clean-code-main\src\main\resources
2022-06-23 13:53:31,619 [Worker-83: Building] INFO  o.e.m.c.i.embedder.EclipseLogger - Using 'UTF-8' encoding to copy filtered resources.
2022-06-23 13:53:31,619 [Worker-83: Building] INFO  o.e.m.c.i.embedder.EclipseLogger - skip non existing resourceDirectory C:\Workspace\ExercicioCleanCode\exercicios-clean-code-main\src\test\resources
2022-06-23 13:54:07,888 [Worker-80: Building] INFO  o.e.m.c.i.embedder.EclipseLogger - Using 'UTF-8' encoding to copy filtered resources.
2022-06-23 13:54:07,889 [Worker-80: Building] INFO  o.e.m.c.i.embedder.EclipseLogger - skip non existing resourceDirectory C:\Workspace\ExercicioCleanCode\exercicios-clean-code-main\src\main\resources
2022-06-23 13:54:07,890 [Worker-80: Building] INFO  o.e.m.c.i.embedder.EclipseLogger - Using 'UTF-8' encoding to copy filtered resources.
2022-06-23 13:54:07,890 [Worker-80: Building] INFO  o.e.m.c.i.embedder.EclipseLogger - skip non existing resourceDirectory C:\Workspace\ExercicioCleanCode\exercicios-clean-code-main\src\test\resources
2022-06-23 13:54:53,362 [Worker-82: Building] INFO  o.e.m.c.i.embedder.EclipseLogger - Using 'UTF-8' encoding to copy filtered resources.
2022-06-23 13:54:53,362 [Worker-82: Building] INFO  o.e.m.c.i.embedder.EclipseLogger - skip non existing resourceDirectory C:\Workspace\ExercicioCleanCode\exercicios-clean-code-main\src\main\resources
2022-06-23 13:54:53,363 [Worker-82: Building] INFO  o.e.m.c.i.embedder.EclipseLogger - Using 'UTF-8' encoding to copy filtered resources.
2022-06-23 13:54:53,363 [Worker-82: Building] INFO  o.e.m.c.i.embedder.EclipseLogger - skip non existing resourceDirectory C:\Workspace\ExercicioCleanCode\exercicios-clean-code-main\src\test\resources
2022-06-23 13:55:51,526 [Worker-82: Building] INFO  o.e.m.c.i.embedder.EclipseLogger - Using 'UTF-8' encoding to copy filtered resources.
2022-06-23 13:55:51,527 [Worker-82: Building] INFO  o.e.m.c.i.embedder.EclipseLogger - skip non existing resourceDirectory C:\Workspace\ExercicioCleanCode\exercicios-clean-code-main\src\main\resources
2022-06-23 13:55:51,528 [Worker-82: Building] INFO  o.e.m.c.i.embedder.EclipseLogger - Using 'UTF-8' encoding to copy filtered resources.
2022-06-23 13:55:51,528 [Worker-82: Building] INFO  o.e.m.c.i.embedder.EclipseLogger - skip non existing resourceDirectory C:\Workspace\ExercicioCleanCode\exercicios-clean-code-main\src\test\resources
2022-06-23 13:56:31,537 [Worker-84: Building] INFO  o.e.m.c.i.embedder.EclipseLogger - Using 'UTF-8' encoding to copy filtered resources.
2022-06-23 13:56:31,537 [Worker-84: Building] INFO  o.e.m.c.i.embedder.EclipseLogger - skip non existing resourceDirectory C:\Workspace\ExercicioCleanCode\exercicios-clean-code-main\src\main\resources
2022-06-23 13:56:31,538 [Worker-84: Building] INFO  o.e.m.c.i.embedder.EclipseLogger - Using 'UTF-8' encoding to copy filtered resources.
2022-06-23 13:56:31,538 [Worker-84: Building] INFO  o.e.m.c.i.embedder.EclipseLogger - skip non existing resourceDirectory C:\Workspace\ExercicioCleanCode\exercicios-clean-code-main\src\test\resources
2022-06-23 13:56:36,270 [Worker-81: Building] INFO  o.e.m.c.i.embedder.EclipseLogger - Using 'UTF-8' encoding to copy filtered resources.
2022-06-23 13:56:36,270 [Worker-81: Building] INFO  o.e.m.c.i.embedder.EclipseLogger - skip non existing resourceDirectory C:\Workspace\ExercicioCleanCode\exercicios-clean-code-main\src\main\resources
2022-06-23 13:56:36,271 [Worker-81: Building] INFO  o.e.m.c.i.embedder.EclipseLogger - Using 'UTF-8' encoding to copy filtered resources.
2022-06-23 13:56:36,271 [Worker-81: Building] INFO  o.e.m.c.i.embedder.EclipseLogger - skip non existing resourceDirectory C:\Workspace\ExercicioCleanCode\exercicios-clean-code-main\src\test\resources
2022-06-23 13:58:27,478 [Worker-80: Building] INFO  o.e.m.c.i.embedder.EclipseLogger - Using 'UTF-8' encoding to copy filtered resources.
2022-06-23 13:58:27,479 [Worker-80: Building] INFO  o.e.m.c.i.embedder.EclipseLogger - skip non existing resourceDirectory C:\Workspace\ExercicioCleanCode\exercicios-clean-code-main\src\main\resources
2022-06-23 13:58:27,479 [Worker-80: Building] INFO  o.e.m.c.i.embedder.EclipseLogger - Using 'UTF-8' encoding to copy filtered resources.
2022-06-23 13:58:27,480 [Worker-80: Building] INFO  o.e.m.c.i.embedder.EclipseLogger - skip non existing resourceDirectory C:\Workspace\ExercicioCleanCode\exercicios-clean-code-main\src\test\resources
2022-06-23 13:59:16,960 [Worker-80: Building] INFO  o.e.m.c.i.embedder.EclipseLogger - Using 'UTF-8' encoding to copy filtered resources.
2022-06-23 13:59:16,960 [Worker-80: Building] INFO  o.e.m.c.i.embedder.EclipseLogger - skip non existing resourceDirectory C:\Workspace\ExercicioCleanCode\exercicios-clean-code-main\src\main\resources
2022-06-23 13:59:16,961 [Worker-80: Building] INFO  o.e.m.c.i.embedder.EclipseLogger - Using 'UTF-8' encoding to copy filtered resources.
2022-06-23 13:59:16,961 [Worker-80: Building] INFO  o.e.m.c.i.embedder.EclipseLogger - skip non existing resourceDirectory C:\Workspace\ExercicioCleanCode\exercicios-clean-code-main\src\test\resources
2022-06-23 13:59:49,498 [Worker-83: Building] INFO  o.e.m.c.i.embedder.EclipseLogger - Using 'UTF-8' encoding to copy filtered resources.
2022-06-23 13:59:49,499 [Worker-83: Building] INFO  o.e.m.c.i.embedder.EclipseLogger - skip non existing resourceDirectory C:\Workspace\ExercicioCleanCode\exercicios-clean-code-main\src\main\resources
2022-06-23 13:59:49,499 [Worker-83: Building] INFO  o.e.m.c.i.embedder.EclipseLogger - Using 'UTF-8' encoding to copy filtered resources.
2022-06-23 13:59:49,499 [Worker-83: Building] INFO  o.e.m.c.i.embedder.EclipseLogger - skip non existing resourceDirectory C:\Workspace\ExercicioCleanCode\exercicios-clean-code-main\src\test\resources
2022-06-23 14:00:55,568 [Worker-84: Building] INFO  o.e.m.c.i.embedder.EclipseLogger - Using 'UTF-8' encoding to copy filtered resources.
2022-06-23 14:00:55,568 [Worker-84: Building] INFO  o.e.m.c.i.embedder.EclipseLogger - skip non existing resourceDirectory C:\Workspace\ExercicioCleanCode\exercicios-clean-code-main\src\main\resources
2022-06-23 14:00:55,569 [Worker-84: Building] INFO  o.e.m.c.i.embedder.EclipseLogger - Using 'UTF-8' encoding to copy filtered resources.
2022-06-23 14:00:55,569 [Worker-84: Building] INFO  o.e.m.c.i.embedder.EclipseLogger - skip non existing resourceDirectory C:\Workspace\ExercicioCleanCode\exercicios-clean-code-main\src\test\resources
2022-06-23 14:01:10,418 [Worker-83: Building] INFO  o.e.m.c.i.embedder.EclipseLogger - Using 'UTF-8' encoding to copy filtered resources.
2022-06-23 14:01:10,418 [Worker-83: Building] INFO  o.e.m.c.i.embedder.EclipseLogger - skip non existing resourceDirectory C:\Workspace\ExercicioCleanCode\exercicios-clean-code-main\src\main\resources
2022-06-23 14:01:10,419 [Worker-83: Building] INFO  o.e.m.c.i.embedder.EclipseLogger - Using 'UTF-8' encoding to copy filtered resources.
2022-06-23 14:01:10,419 [Worker-83: Building] INFO  o.e.m.c.i.embedder.EclipseLogger - skip non existing resourceDirectory C:\Workspace\ExercicioCleanCode\exercicios-clean-code-main\src\test\resources
2022-06-23 14:01:47,401 [Worker-82: Building] INFO  o.e.m.c.i.embedder.EclipseLogger - Using 'UTF-8' encoding to copy filtered resources.
2022-06-23 14:01:47,401 [Worker-82: Building] INFO  o.e.m.c.i.embedder.EclipseLogger - skip non existing resourceDirectory C:\Workspace\ExercicioCleanCode\exercicios-clean-code-main\src\main\resources
2022-06-23 14:01:47,402 [Worker-82: Building] INFO  o.e.m.c.i.embedder.EclipseLogger - Using 'UTF-8' encoding to copy filtered resources.
2022-06-23 14:01:47,402 [Worker-82: Building] INFO  o.e.m.c.i.embedder.EclipseLogger - skip non existing resourceDirectory C:\Workspace\ExercicioCleanCode\exercicios-clean-code-main\src\test\resources
2022-06-23 14:03:29,882 [Worker-80: Building] INFO  o.e.m.c.i.embedder.EclipseLogger - Using 'UTF-8' encoding to copy filtered resources.
2022-06-23 14:03:29,882 [Worker-80: Building] INFO  o.e.m.c.i.embedder.EclipseLogger - skip non existing resourceDirectory C:\Workspace\ExercicioCleanCode\exercicios-clean-code-main\src\main\resources
2022-06-23 14:03:29,882 [Worker-80: Building] INFO  o.e.m.c.i.embedder.EclipseLogger - Using 'UTF-8' encoding to copy filtered resources.
2022-06-23 14:03:29,883 [Worker-80: Building] INFO  o.e.m.c.i.embedder.EclipseLogger - skip non existing resourceDirectory C:\Workspace\ExercicioCleanCode\exercicios-clean-code-main\src\test\resources
2022-06-23 14:04:34,911 [Worker-85: Building] INFO  o.e.m.c.i.embedder.EclipseLogger - Using 'UTF-8' encoding to copy filtered resources.
2022-06-23 14:04:34,911 [Worker-85: Building] INFO  o.e.m.c.i.embedder.EclipseLogger - skip non existing resourceDirectory C:\Workspace\ExercicioCleanCode\exercicios-clean-code-main\src\main\resources
2022-06-23 14:04:34,912 [Worker-85: Building] INFO  o.e.m.c.i.embedder.EclipseLogger - Using 'UTF-8' encoding to copy filtered resources.
2022-06-23 14:04:34,913 [Worker-85: Building] INFO  o.e.m.c.i.embedder.EclipseLogger - skip non existing resourceDirectory C:\Workspace\ExercicioCleanCode\exercicios-clean-code-main\src\test\resources
2022-06-23 14:04:53,442 [Worker-80: Building] INFO  o.e.m.c.i.embedder.EclipseLogger - Using 'UTF-8' encoding to copy filtered resources.
2022-06-23 14:04:53,442 [Worker-80: Building] INFO  o.e.m.c.i.embedder.EclipseLogger - skip non existing resourceDirectory C:\Workspace\ExercicioCleanCode\exercicios-clean-code-main\src\main\resources
2022-06-23 14:04:53,443 [Worker-80: Building] INFO  o.e.m.c.i.embedder.EclipseLogger - Using 'UTF-8' encoding to copy filtered resources.
2022-06-23 14:04:53,443 [Worker-80: Building] INFO  o.e.m.c.i.embedder.EclipseLogger - skip non existing resourceDirectory C:\Workspace\ExercicioCleanCode\exercicios-clean-code-main\src\test\resources
2022-06-23 14:05:00,542 [Worker-80: Building] INFO  o.e.m.c.i.embedder.EclipseLogger - Using 'UTF-8' encoding to copy filtered resources.
2022-06-23 14:05:00,543 [Worker-80: Building] INFO  o.e.m.c.i.embedder.EclipseLogger - skip non existing resourceDirectory C:\Workspace\ExercicioCleanCode\exercicios-clean-code-main\src\main\resources
2022-06-23 14:05:00,544 [Worker-80: Building] INFO  o.e.m.c.i.embedder.EclipseLogger - Using 'UTF-8' encoding to copy filtered resources.
2022-06-23 14:05:00,544 [Worker-80: Building] INFO  o.e.m.c.i.embedder.EclipseLogger - skip non existing resourceDirectory C:\Workspace\ExercicioCleanCode\exercicios-clean-code-main\src\test\resources
2022-06-23 14:06:04,890 [Worker-84: Building] INFO  o.e.m.c.i.embedder.EclipseLogger - Using 'UTF-8' encoding to copy filtered resources.
2022-06-23 14:06:04,891 [Worker-84: Building] INFO  o.e.m.c.i.embedder.EclipseLogger - skip non existing resourceDirectory C:\Workspace\ExercicioCleanCode\exercicios-clean-code-main\src\main\resources
2022-06-23 14:06:04,893 [Worker-84: Building] INFO  o.e.m.c.i.embedder.EclipseLogger - Using 'UTF-8' encoding to copy filtered resources.
2022-06-23 14:06:04,895 [Worker-84: Building] INFO  o.e.m.c.i.embedder.EclipseLogger - skip non existing resourceDirectory C:\Workspace\ExercicioCleanCode\exercicios-clean-code-main\src\test\resources
2022-06-23 14:06:11,621 [Worker-80: Building] INFO  o.e.m.c.i.embedder.EclipseLogger - Using 'UTF-8' encoding to copy filtered resources.
2022-06-23 14:06:11,622 [Worker-80: Building] INFO  o.e.m.c.i.embedder.EclipseLogger - skip non existing resourceDirectory C:\Workspace\ExercicioCleanCode\exercicios-clean-code-main\src\main\resources
2022-06-23 14:06:11,624 [Worker-80: Building] INFO  o.e.m.c.i.embedder.EclipseLogger - Using 'UTF-8' encoding to copy filtered resources.
2022-06-23 14:06:11,624 [Worker-80: Building] INFO  o.e.m.c.i.embedder.EclipseLogger - skip non existing resourceDirectory C:\Workspace\ExercicioCleanCode\exercicios-clean-code-main\src\test\resources
2022-06-23 14:07:32,092 [Worker-85: Updating Maven Project] INFO  o.e.m.c.i.p.ProjectConfigurationManager - Update started
2022-06-23 14:07:32,375 [Worker-85: Updating Maven Project] INFO  o.e.m.c.i.l.LifecycleMappingFactory - Using org.eclipse.m2e.jdt.JarLifecycleMapping lifecycle mapping for MavenProject: br.com.wmw.cleancode:exercicios-clean-code:0.0.1-SNAPSHOT @ C:\Workspace\ExercicioCleanCode\exercicios-clean-code-main\pom.xml.
2022-06-23 14:07:32,596 [Worker-85: Updating Maven Project] INFO  o.e.m.j.i.AbstractJavaProjectConfigurator - Adding source folder /exercicios-clean-code-main/src/main/java
2022-06-23 14:07:32,596 [Worker-85: Updating Maven Project] INFO  o.e.m.j.i.AbstractJavaProjectConfigurator - Adding source folder /exercicios-clean-code-main/src/test/java
2022-06-23 14:07:32,689 [Worker-85: Updating Maven Project] INFO  o.e.m.c.i.p.ProjectConfigurationManager - Update completed: 0 sec
2022-06-23 14:07:32,848 [Worker-84: Building] INFO  o.e.m.c.i.embedder.EclipseLogger - Using 'UTF-8' encoding to copy filtered resources.
2022-06-23 14:07:32,848 [Worker-84: Building] INFO  o.e.m.c.i.embedder.EclipseLogger - skip non existing resourceDirectory C:\Workspace\ExercicioCleanCode\exercicios-clean-code-main\src\main\resources
2022-06-23 14:07:32,850 [Worker-84: Building] INFO  o.e.m.c.i.embedder.EclipseLogger - Using 'UTF-8' encoding to copy filtered resources.
2022-06-23 14:07:32,850 [Worker-84: Building] INFO  o.e.m.c.i.embedder.EclipseLogger - skip non existing resourceDirectory C:\Workspace\ExercicioCleanCode\exercicios-clean-code-main\src\test\resources
2022-06-23 14:30:28,886 [Worker-0: Loading available Gradle versions] INFO  o.e.b.c.i.u.g.PublishedGradleVersions - Gradle version information cache is up-to-date. Trying to read.
2022-06-23 14:30:33,967 [Worker-0: Updating Maven Dependencies] INFO  o.e.m.c.i.l.LifecycleMappingFactory - Using org.eclipse.m2e.jdt.JarLifecycleMapping lifecycle mapping for MavenProject: br.com.wmw.cleancode:exercicios-clean-code:0.0.1-SNAPSHOT @ C:\Workspace\ExercicioCleanCode\exercicios-clean-code-main\pom.xml.
2022-06-23 14:30:33,967 [Worker-7: Building] INFO  o.e.m.c.i.l.LifecycleMappingFactory - Using org.eclipse.m2e.jdt.JarLifecycleMapping lifecycle mapping for MavenProject: br.com.wmw.cleancode:exercicios-clean-code:0.0.1-SNAPSHOT @ C:\Workspace\ExercicioCleanCode\exercicios-clean-code-main\pom.xml.
2022-06-23 14:30:34,318 [Worker-7: Building] INFO  o.e.m.c.i.embedder.EclipseLogger - Using 'UTF-8' encoding to copy filtered resources.
2022-06-23 14:30:34,319 [Worker-7: Building] INFO  o.e.m.c.i.embedder.EclipseLogger - skip non existing resourceDirectory C:\Workspace\ExercicioCleanCode\exercicios-clean-code-main\src\main\resources
2022-06-23 14:30:34,323 [Worker-7: Building] INFO  o.e.m.c.i.embedder.EclipseLogger - Using 'UTF-8' encoding to copy filtered resources.
2022-06-23 14:30:34,323 [Worker-7: Building] INFO  o.e.m.c.i.embedder.EclipseLogger - skip non existing resourceDirectory C:\Workspace\ExercicioCleanCode\exercicios-clean-code-main\src\test\resources
2022-06-23 14:30:36,057 [Worker-0: Updating Maven Dependencies] INFO  o.e.m.c.i.l.LifecycleMappingFactory - Using org.eclipse.m2e.jdt.JarLifecycleMapping lifecycle mapping for MavenProject: br.com.wmw.cleancode:exercicios-clean-code:0.0.1-SNAPSHOT @ C:\Workspace\ExercicioCleanCode\exercicios-clean-code-main\pom.xml.
2022-06-23 14:30:36,849 [Worker-0: Building] INFO  o.e.m.c.i.embedder.EclipseLogger - Using 'UTF-8' encoding to copy filtered resources.
2022-06-23 14:30:36,849 [Worker-0: Building] INFO  o.e.m.c.i.embedder.EclipseLogger - skip non existing resourceDirectory C:\Workspace\ExercicioCleanCode\exercicios-clean-code-main\src\main\resources
2022-06-23 14:30:36,853 [Worker-0: Building] INFO  o.e.m.c.i.embedder.EclipseLogger - Using 'UTF-8' encoding to copy filtered resources.
2022-06-23 14:30:36,853 [Worker-0: Building] INFO  o.e.m.c.i.embedder.EclipseLogger - skip non existing resourceDirectory C:\Workspace\ExercicioCleanCode\exercicios-clean-code-main\src\test\resources
2022-06-23 14:31:20,008 [Worker-9: Building] INFO  o.e.m.c.i.embedder.EclipseLogger - Using 'UTF-8' encoding to copy filtered resources.
2022-06-23 14:31:20,009 [Worker-9: Building] INFO  o.e.m.c.i.embedder.EclipseLogger - skip non existing resourceDirectory C:\Workspace\ExercicioCleanCode\exercicios-clean-code-main\src\main\resources
2022-06-23 14:31:20,014 [Worker-9: Building] INFO  o.e.m.c.i.embedder.EclipseLogger - Using 'UTF-8' encoding to copy filtered resources.
2022-06-23 14:31:20,014 [Worker-9: Building] INFO  o.e.m.c.i.embedder.EclipseLogger - skip non existing resourceDirectory C:\Workspace\ExercicioCleanCode\exercicios-clean-code-main\src\test\resources
2022-06-23 14:33:59,761 [Worker-17: Launching TestarCirculo] INFO  o.e.m.c.i.embedder.EclipseLogger - Using 'UTF-8' encoding to copy filtered resources.
2022-06-23 14:33:59,762 [Worker-17: Launching TestarCirculo] INFO  o.e.m.c.i.embedder.EclipseLogger - skip non existing resourceDirectory C:\Workspace\ExercicioCleanCode\exercicios-clean-code-main\src\main\resources
2022-06-23 14:33:59,764 [Worker-17: Launching TestarCirculo] INFO  o.e.m.c.i.embedder.EclipseLogger - Using 'UTF-8' encoding to copy filtered resources.
2022-06-23 14:33:59,765 [Worker-17: Launching TestarCirculo] INFO  o.e.m.c.i.embedder.EclipseLogger - skip non existing resourceDirectory C:\Workspace\ExercicioCleanCode\exercicios-clean-code-main\src\test\resources
